AutoDock Vina v1.2.5
#################################################################
# If you used AutoDock Vina in your work, please cite:          #
#                                                               #
# J. Eberhardt, D. Santos-Martins, A. F. Tillack, and S. Forli  #
# AutoDock Vina 1.2.0: New Docking Methods, Expanded Force      #
# Field, and Python Bindings, J. Chem. Inf. Model. (2021)       #
# DOI 10.1021/acs.jcim.1c00203                                  #
#                                                               #
# O. Trott, A. J. Olson,                                        #
# AutoDock Vina: improving the speed and accuracy of docking    #
# with a new scoring function, efficient optimization and       #
# multithreading, J. Comp. Chem. (2010)                         #
# DOI 10.1002/jcc.21334                                         #
#                                                               #
# Please see https://github.com/ccsb-scripps/AutoDock-Vina for  #
# more information.                                             #
#################################################################

Scoring function : ad4
Ligand: decoy/H1_D66.pdbqt
Exhaustiveness: 32
CPU: 0
Verbosity: 1

Reading AD4.2 maps ... done.
Performing docking (random seed: -1523205756) ... 
0%   10   20   30   40   50   60   70   80   90   100%
|----|----|----|----|----|----|----|----|----|----|
***************************************************

mode |   affinity | dist from best mode
     | (kcal/mol) | rmsd l.b.| rmsd u.b.
-----+------------+----------+----------
   1       -30.05          0          0
   2       -29.64      2.561      4.576
   3       -28.64      3.479       8.24
   4       -28.38      3.113      7.982
   5        -27.9      3.195      8.128
   6       -27.88      4.481      8.423
   7       -27.77      3.166      3.706
   8       -27.63      3.351      8.094
   9       -26.59      4.478      8.475
