AutoDock Vina v1.2.5
#################################################################
# If you used AutoDock Vina in your work, please cite:          #
#                                                               #
# J. Eberhardt, D. Santos-Martins, A. F. Tillack, and S. Forli  #
# AutoDock Vina 1.2.0: New Docking Methods, Expanded Force      #
# Field, and Python Bindings, J. Chem. Inf. Model. (2021)       #
# DOI 10.1021/acs.jcim.1c00203                                  #
#                                                               #
# O. Trott, A. J. Olson,                                        #
# AutoDock Vina: improving the speed and accuracy of docking    #
# with a new scoring function, efficient optimization and       #
# multithreading, J. Comp. Chem. (2010)                         #
# DOI 10.1002/jcc.21334                                         #
#                                                               #
# Please see https://github.com/ccsb-scripps/AutoDock-Vina for  #
# more information.                                             #
#################################################################

Scoring function : ad4
Ligand: decoy/H2_D1683.pdbqt
Exhaustiveness: 32
CPU: 0
Verbosity: 1

Reading AD4.2 maps ... done.
Performing docking (random seed: 1540590653) ... 
0%   10   20   30   40   50   60   70   80   90   100%
|----|----|----|----|----|----|----|----|----|----|
***************************************************

mode |   affinity | dist from best mode
     | (kcal/mol) | rmsd l.b.| rmsd u.b.
-----+------------+----------+----------
   1       -6.669          0          0
   2       -6.284      4.337      6.525
   3       -5.725      3.063      6.866
   4       -5.518      2.978      6.946
   5        -5.33      2.401      6.781
   6       -4.476      2.623      4.105
   7       -4.415      4.002      5.927
   8       -4.329      3.012      5.555
   9       -4.001      2.906      3.751
