AutoDock Vina v1.2.5
#################################################################
# If you used AutoDock Vina in your work, please cite:          #
#                                                               #
# J. Eberhardt, D. Santos-Martins, A. F. Tillack, and S. Forli  #
# AutoDock Vina 1.2.0: New Docking Methods, Expanded Force      #
# Field, and Python Bindings, J. Chem. Inf. Model. (2021)       #
# DOI 10.1021/acs.jcim.1c00203                                  #
#                                                               #
# O. Trott, A. J. Olson,                                        #
# AutoDock Vina: improving the speed and accuracy of docking    #
# with a new scoring function, efficient optimization and       #
# multithreading, J. Comp. Chem. (2010)                         #
# DOI 10.1002/jcc.21334                                         #
#                                                               #
# Please see https://github.com/ccsb-scripps/AutoDock-Vina for  #
# more information.                                             #
#################################################################

Scoring function : ad4
Ligand: decoy/H2_D50.pdbqt
Exhaustiveness: 32
CPU: 0
Verbosity: 1

Reading AD4.2 maps ... done.
Performing docking (random seed: -642985810) ... 
0%   10   20   30   40   50   60   70   80   90   100%
|----|----|----|----|----|----|----|----|----|----|
***************************************************

mode |   affinity | dist from best mode
     | (kcal/mol) | rmsd l.b.| rmsd u.b.
-----+------------+----------+----------
   1       -7.513          0          0
   2       -7.425       4.31      10.24
   3       -7.265      1.822      2.744
   4       -7.059       6.77      10.03
   5       -7.028       3.11      9.575
   6       -6.804      1.205      3.114
   7       -6.774       6.33      9.207
   8       -6.708      2.889       4.84
   9       -6.478      1.616      2.109
