AutoDock Vina v1.2.5
#################################################################
# If you used AutoDock Vina in your work, please cite:          #
#                                                               #
# J. Eberhardt, D. Santos-Martins, A. F. Tillack, and S. Forli  #
# AutoDock Vina 1.2.0: New Docking Methods, Expanded Force      #
# Field, and Python Bindings, J. Chem. Inf. Model. (2021)       #
# DOI 10.1021/acs.jcim.1c00203                                  #
#                                                               #
# O. Trott, A. J. Olson,                                        #
# AutoDock Vina: improving the speed and accuracy of docking    #
# with a new scoring function, efficient optimization and       #
# multithreading, J. Comp. Chem. (2010)                         #
# DOI 10.1002/jcc.21334                                         #
#                                                               #
# Please see https://github.com/ccsb-scripps/AutoDock-Vina for  #
# more information.                                             #
#################################################################

Scoring function : ad4
Ligand: decoy/H2_D692.pdbqt
Exhaustiveness: 32
CPU: 0
Verbosity: 1

Reading AD4.2 maps ... done.
Performing docking (random seed: 1931430902) ... 
0%   10   20   30   40   50   60   70   80   90   100%
|----|----|----|----|----|----|----|----|----|----|
***************************************************

mode |   affinity | dist from best mode
     | (kcal/mol) | rmsd l.b.| rmsd u.b.
-----+------------+----------+----------
   1       -11.79          0          0
   2       -11.47      2.252      2.831
   3       -11.13      2.869      4.861
   4       -11.09      4.953      8.641
   5       -11.03      5.009      8.616
   6       -10.18      4.051       7.95
   7       -9.848      3.967      8.638
   8       -9.187      3.799      8.709
   9       -9.148      4.258      9.148
